INUM:        0 PC: 0x0000 REG: 0 VALUE: 0x0001
INUM:        1 PC: 0x0002
INUM:        2 PC: 0x0004
INUM:        3 PC: 0x0006
INUM:        4 PC: 0x0008
INUM:        5 PC: 0x000a
INUM:        6 PC: 0x000c REG: 1 VALUE: 0x0002
INUM:        7 PC: 0x000e
INUM:        8 PC: 0x0010
INUM:        9 PC: 0x0012
INUM:       10 PC: 0x0014
INUM:       11 PC: 0x0016
INUM:       12 PC: 0x0018 REG: 2 VALUE: 0x0003
INUM:       13 PC: 0x001a
INUM:       14 PC: 0x001c
INUM:       15 PC: 0x001e
INUM:       16 PC: 0x0020
INUM:       17 PC: 0x0022
INUM:       18 PC: 0x0024 REG: 2 VALUE: 0xffff
INUM:       19 PC: 0x0026
INUM:       20 PC: 0x0028
INUM:       21 PC: 0x002a
INUM:       22 PC: 0x002c
INUM:       23 PC: 0x002e
INUM:       24 PC: 0x0030
INUM:       25 PC: 0x0032 REG: 2 VALUE: 0x0003
INUM:       26 PC: 0x0034
INUM:       27 PC: 0x0036
INUM:       28 PC: 0x0038
INUM:       29 PC: 0x003a
INUM:       30 PC: 0x003c
INUM:       31 PC: 0x003e
INUM:       32 PC: 0x0040 REG: 2 VALUE: 0x0002
INUM:       33 PC: 0x0042
