SIMLOG:: Cycle           4 PC: 00000000 I: 0000c001 R: 0   0 00000000 M: 0 0 00000000 00000000
SIMLOG:: Cycle           5 PC: 00000002 I: 00000800 R: 0   0 00000000 M: 0 0 00000000 00000000
SIMLOG:: Cycle           6 PC: 00000004 I: 00000800 R: 0   0 00000000 M: 0 0 00000000 00000000
SIMLOG:: Cycle           7 PC: 00000006 I: 00000800 R: 0   0 00000000 M: 0 0 00000000 00000000
SIMLOG:: Cycle           8 PC: 00000008 I: 00000800 R: 1   0 00000001 M: 0 0 00000001 00000000
SIMLOG:: Cycle           9 PC: 0000000a I: 00000800 R: 0   0 00000000 M: 0 0 00000000 00000000
SIMLOG:: Cycle          10 PC: 0000000c I: 0000c102 R: 0   0 00000000 M: 0 0 00000000 00000000
SIMLOG:: Cycle          11 PC: 0000000e I: 00000800 R: 0   0 00000001 M: 0 0 00000001 00000001
SIMLOG:: Cycle          12 PC: 00000010 I: 00000800 R: 0   0 00000000 M: 0 0 00000000 00000000
SIMLOG:: Cycle          13 PC: 00000012 I: 00000800 R: 0   0 00000000 M: 0 0 00000000 00000000
SIMLOG:: Cycle          14 PC: 00000014 I: 00000800 R: 1   1 00000002 M: 0 0 00000002 00000000
SIMLOG:: Cycle          15 PC: 00000016 I: 00000800 R: 0   0 00000000 M: 0 0 00000000 00000000
SIMLOG:: Cycle          16 PC: 00000018 I: 0000d908 R: 0   0 00000000 M: 0 0 00000000 00000000
SIMLOG:: Cycle          17 PC: 0000001a I: 00000800 R: 0   0 00000002 M: 0 0 00000002 00000002
SIMLOG:: Cycle          18 PC: 0000001c I: 00000800 R: 0   0 00000000 M: 0 0 00000000 00000000
SIMLOG:: Cycle          19 PC: 0000001e I: 00000800 R: 0   0 00000000 M: 0 0 00000000 00000000
SIMLOG:: Cycle          20 PC: 00000020 I: 00000800 R: 1   2 00000003 M: 0 0 00000003 00000001
SIMLOG:: Cycle          21 PC: 00000022 I: 00000800 R: 0   0 00000000 M: 0 0 00000000 00000000
SIMLOG:: Cycle          22 PC: 00000024 I: 0000d909 R: 0   0 00000000 M: 0 0 00000000 00000000
SIMLOG:: Cycle          23 PC: 00000026 I: 00000800 R: 0   0 00000003 M: 0 0 00000003 00000003
SIMLOG:: Cycle          24 PC: 00000028 I: 00000800 R: 0   0 00000000 M: 0 0 00000000 00000000
SIMLOG:: Cycle          25 PC: 0000002a I: 00000800 R: 0   0 00000000 M: 0 0 00000000 00000000
SIMLOG:: Cycle          26 PC: 0000002c I: 00000800 R: 1   2 0000ffff M: 0 0 0000ffff 00000002
SIMLOG:: Cycle          27 PC: 0000002e I: 00000800 R: 0   0 00000000 M: 0 0 00000000 00000000
SIMLOG:: Cycle          28 PC: 00000030 I: 00000800 R: 0   0 00000000 M: 0 0 00000000 00000000
SIMLOG:: Cycle          29 PC: 00000032 I: 0000d90a R: 0   0 0000ffff M: 0 0 0000ffff 0000ffff
SIMLOG:: Cycle          30 PC: 00000034 I: 00000800 R: 0   0 00000000 M: 0 0 00000000 00000000
SIMLOG:: Cycle          31 PC: 00000036 I: 00000800 R: 0   0 00000000 M: 0 0 00000000 00000000
SIMLOG:: Cycle          32 PC: 00000038 I: 00000800 R: 0   0 0000ffff M: 0 0 0000ffff 0000ffff
SIMLOG:: Cycle          33 PC: 0000003a I: 00000800 R: 1   2 00000003 M: 0 0 00000003 00000003
SIMLOG:: Cycle          34 PC: 0000003c I: 00000800 R: 0   0 00000000 M: 0 0 00000000 00000000
SIMLOG:: Cycle          35 PC: 0000003e I: 00000800 R: 0   0 0000ffff M: 0 0 0000ffff 0000ffff
SIMLOG:: Cycle          36 PC: 00000040 I: 0000d90b R: 0   0 00000003 M: 0 0 00000003 00000003
SIMLOG:: Cycle          37 PC: 00000042 I: 00000000 R: 0   0 00000000 M: 0 0 00000000 00000000
SIMLOG:: Cycle          38 PC: 00000044 I: 00000000 R: 0   0 0000ffff M: 0 0 0000ffff 0000ffff
SIMLOG:: Cycle          39 PC: 00000046 I: 00000000 R: 0   0 00000003 M: 0 0 00000003 00000003
SIMLOG:: Cycle          40 PC: 00000048 I: 00000000 R: 1   2 00000000 M: 0 0 00000000 00000000
SIMLOG:: Cycle          41 PC: 0000004a I: 00000000 R: 0   0 0000ffff M: 0 0 0000ffff 0000ffff
SIMLOG:: Processor halted

SIMLOG:: sim_cycles          41

SIMLOG:: inst_count           7

SIMLOG:: dcachehit_count           0

SIMLOG:: icachehit_count           0

SIMLOG:: dcachereq_count           0

SIMLOG:: icachereq_count           0

